2018-02-08 11:46:08,266 CRIT Supervisor running as root (no user in config file)
2018-02-08 11:46:08,266 WARN Included extra file "/etc/supervisor/conf.d/supervisord.conf" during parsing
2018-02-08 11:46:08,323 INFO RPC interface 'supervisor' initialized
2018-02-08 11:46:08,324 CRIT Server 'unix_http_server' running without any HTTP authentication checking
2018-02-08 11:46:08,324 INFO supervisord started with pid 1
2018-02-08 11:46:09,329 INFO spawned: 'varnishd' with pid 40
2018-02-08 11:46:09,339 INFO spawned: 'php-fpm' with pid 41
2018-02-08 11:46:09,343 INFO spawned: 'varnish-plugins-watcher' with pid 42
2018-02-08 11:46:09,421 INFO spawned: 'nginx' with pid 43
2018-02-08 11:46:09,426 INFO spawned: 'MailHog' with pid 44
2018-02-08 11:46:09,433 INFO spawned: 'mysql' with pid 45
2018-02-08 11:46:09,438 INFO spawned: 'varnish-themes-watcher' with pid 46
2018-02-08 11:46:10,650 INFO success: varnishd entered RUNNING state, process has stayed up for > than 1 seconds (startsecs)
2018-02-08 11:46:10,658 INFO success: php-fpm entered RUNNING state, process has stayed up for > than 1 seconds (startsecs)
2018-02-08 11:46:10,659 INFO success: varnish-plugins-watcher entered RUNNING state, process has stayed up for > than 1 seconds (startsecs)
2018-02-08 11:46:10,669 INFO success: nginx entered RUNNING state, process has stayed up for > than 1 seconds (startsecs)
2018-02-08 11:46:10,678 INFO success: MailHog entered RUNNING state, process has stayed up for > than 1 seconds (startsecs)
2018-02-08 11:46:10,679 INFO success: mysql entered RUNNING state, process has stayed up for > than 1 seconds (startsecs)
2018-02-08 11:46:10,679 INFO success: varnish-themes-watcher entered RUNNING state, process has stayed up for > than 1 seconds (startsecs)
2018-02-08 12:00:39,758 WARN received SIGTERM indicating exit request
2018-02-08 12:00:39,760 INFO waiting for varnishd, php-fpm, varnish-plugins-watcher, nginx, MailHog, mysql, varnish-themes-watcher to die
2018-02-08 12:00:40,761 INFO stopped: varnish-themes-watcher (terminated by SIGTERM)
2018-02-08 12:00:40,771 INFO stopped: mysql (exit status 0)
2018-02-08 12:00:40,774 INFO stopped: MailHog (terminated by SIGTERM)
2018-02-08 12:00:40,779 INFO stopped: nginx (exit status 0)
2018-02-08 12:00:41,782 INFO stopped: varnish-plugins-watcher (terminated by SIGTERM)
2018-02-08 12:00:41,793 INFO stopped: php-fpm (exit status 0)
2018-02-08 12:00:42,351 CRIT reaped unknown pid 52)
2018-02-08 12:00:42,799 INFO waiting for varnishd to die
2018-02-08 12:00:42,899 INFO stopped: varnishd (exit status 0)
2018-02-08 13:41:09,956 CRIT Supervisor running as root (no user in config file)
2018-02-08 13:41:09,983 WARN Included extra file "/etc/supervisor/conf.d/supervisord.conf" during parsing
2018-02-08 13:41:10,286 INFO RPC interface 'supervisor' initialized
2018-02-08 13:41:10,287 CRIT Server 'unix_http_server' running without any HTTP authentication checking
2018-02-08 13:41:10,287 INFO supervisord started with pid 1
2018-02-08 13:41:11,295 INFO spawned: 'varnishd' with pid 7
2018-02-08 13:41:11,508 INFO spawned: 'php-fpm' with pid 8
2018-02-08 13:41:11,514 INFO spawned: 'varnish-plugins-watcher' with pid 9
2018-02-08 13:41:11,569 INFO spawned: 'nginx' with pid 10
2018-02-08 13:41:11,578 INFO spawned: 'MailHog' with pid 11
2018-02-08 13:41:11,584 INFO spawned: 'mysql' with pid 12
2018-02-08 13:41:11,589 INFO spawned: 'varnish-themes-watcher' with pid 13
2018-02-08 13:41:12,592 INFO success: varnishd entered RUNNING state, process has stayed up for > than 1 seconds (startsecs)
2018-02-08 13:41:12,592 INFO success: php-fpm entered RUNNING state, process has stayed up for > than 1 seconds (startsecs)
2018-02-08 13:41:12,593 INFO success: varnish-plugins-watcher entered RUNNING state, process has stayed up for > than 1 seconds (startsecs)
2018-02-08 13:41:12,593 INFO success: nginx entered RUNNING state, process has stayed up for > than 1 seconds (startsecs)
2018-02-08 13:41:12,593 INFO success: MailHog entered RUNNING state, process has stayed up for > than 1 seconds (startsecs)
2018-02-08 13:41:12,594 INFO success: mysql entered RUNNING state, process has stayed up for > than 1 seconds (startsecs)
2018-02-08 13:41:12,594 INFO success: varnish-themes-watcher entered RUNNING state, process has stayed up for > than 1 seconds (startsecs)
2018-02-08 13:43:09,944 WARN received SIGTERM indicating exit request
2018-02-08 13:43:09,945 INFO waiting for varnishd, php-fpm, varnish-plugins-watcher, nginx, MailHog, mysql, varnish-themes-watcher to die
2018-02-08 13:43:10,947 INFO stopped: varnish-themes-watcher (terminated by SIGTERM)
2018-02-08 13:43:11,025 INFO stopped: mysql (exit status 0)
2018-02-08 13:43:11,040 INFO stopped: MailHog (terminated by SIGTERM)
2018-02-08 13:43:11,045 INFO stopped: nginx (exit status 0)
2018-02-08 13:43:12,050 INFO stopped: varnish-plugins-watcher (terminated by SIGTERM)
2018-02-08 13:43:12,059 INFO stopped: php-fpm (exit status 0)
2018-02-08 13:43:13,066 INFO waiting for varnishd to die
2018-02-08 13:43:13,549 INFO stopped: varnishd (exit status 0)
